<?xml version="1.0" encoding="UTF-8"?>
<testng-results ignored="0" total="1" passed="1" failed="0" skipped="0">
  <reporter-output>
  </reporter-output>
  <suite started-at="2023-11-26T13:04:03 IST" name="Default suite" finished-at="2023-11-26T13:04:38 IST" duration-ms="34381">
    <groups>
    </groups>
    <test started-at="2023-11-26T13:04:03 IST" name="Default test" finished-at="2023-11-26T13:04:38 IST" duration-ms="34381">
      <class name="testpkg.Testshop">
        <test-method is-config="true" signature="setUp()[pri:0, instance:testpkg.Testshop@54c5a2ff]" started-at="2023-11-26T13:04:03 IST" name="setUp" finished-at="2023-11-26T13:04:11 IST" duration-ms="7671" status="PASS">
          <reporter-output>
          </reporter-output>
        </test-method> <!-- setUp -->
        <test-method signature="test()[pri:0, instance:testpkg.Testshop@54c5a2ff]" started-at="2023-11-26T13:04:11 IST" name="test" finished-at="2023-11-26T13:04:38 IST" duration-ms="26654" status="PASS">
          <reporter-output>
          </reporter-output>
        </test-method> <!-- test -->
      </class> <!-- testpkg.Testshop -->
    </test> <!-- Default test -->
  </suite> <!-- Default suite -->
</testng-results>
